<?xml version="1.0" encoding="UTF-8"?>
<!-- Generated by org.testng.reporters.JUnitReportReporter -->
<testsuite skipped="0" hostname="LAPTOP-V2250LEA" name="TestNG_Demo.GithubLogin" tests="1" failures="0" timestamp="2020-04-11T13:57:41 EDT" time="5.288" errors="0">
  <testcase name="Login" time="5.288" classname="TestNG_Demo.GithubLogin"/>
  <system-out/>
</testsuite> <!-- TestNG_Demo.GithubLogin -->
